<?xml version="1.0" encoding="UTF-8"?>
<testsuite name="com.bridgelabz.MoodAnalyzer.MoodAnalyzerTestRefactor" tests="1" skipped="0" failures="0" errors="0" timestamp="2022-04-04T13:00:08" hostname="DESKTOP-E1170TU" time="0.026">
  <properties/>
  <testcase name="testMoodAnalysis_whenMoodIsSad()" classname="com.bridgelabz.MoodAnalyzer.MoodAnalyzerTestRefactor" time="0.026"/>
  <system-out><![CDATA[]]></system-out>
  <system-err><![CDATA[]]></system-err>
</testsuite>
